-------------------------------------------------------------------------------
Test set: edunhnil.project.forum.api.ApiApplicationTests
-------------------------------------------------------------------------------
Tests run: 1, Failures: 0, Errors: 1, Skipped: 0, Time elapsed: 2.873 s <<< FAILURE! - in edunhnil.project.forum.api.ApiApplicationTests
contextLoads  Time elapsed: 0.002 s  <<< ERROR!
java.lang.IllegalStateException: Failed to load ApplicationContext
Caused by: org.springframework.beans.factory.UnsatisfiedDependencyException: Error creating bean with name 'guard': Unsatisfied dependency expressed through field 'userRepository'; nested exception is org.springframework.beans.factory.UnsatisfiedDependencyException: Error creating bean with name 'userRepositoryImpl': Unsatisfied dependency expressed through field 'authenticationTemplate'; nested exception is org.springframework.beans.factory.BeanCreationException: Error creating bean with name 'authenticationMongoTemplate' defined in class path resource [edunhnil/project/forum/api/config/MongoDBConfiguration.class]: Bean instantiation via factory method failed; nested exception is org.springframework.beans.BeanInstantiationException: Failed to instantiate [org.springframework.data.mongodb.core.MongoTemplate]: Factory method 'getAuthenticationMongoTemplate' threw exception; nested exception is org.springframework.beans.factory.BeanCreationException: Error creating bean with name 'authenticationMongoFactory' defined in class path resource [edunhnil/project/forum/api/config/MongoDBConfiguration.class]: Bean instantiation via factory method failed; nested exception is org.springframework.beans.BeanInstantiationException: Failed to instantiate [org.springframework.data.mongodb.MongoDatabaseFactory]: Factory method 'authenticationMongoFactory' threw exception; nested exception is com.mongodb.MongoConfigurationException: Failed looking up TXT record for host cluster0.10rl37h.mongodb.net
Caused by: org.springframework.beans.factory.UnsatisfiedDependencyException: Error creating bean with name 'userRepositoryImpl': Unsatisfied dependency expressed through field 'authenticationTemplate'; nested exception is org.springframework.beans.factory.BeanCreationException: Error creating bean with name 'authenticationMongoTemplate' defined in class path resource [edunhnil/project/forum/api/config/MongoDBConfiguration.class]: Bean instantiation via factory method failed; nested exception is org.springframework.beans.BeanInstantiationException: Failed to instantiate [org.springframework.data.mongodb.core.MongoTemplate]: Factory method 'getAuthenticationMongoTemplate' threw exception; nested exception is org.springframework.beans.factory.BeanCreationException: Error creating bean with name 'authenticationMongoFactory' defined in class path resource [edunhnil/project/forum/api/config/MongoDBConfiguration.class]: Bean instantiation via factory method failed; nested exception is org.springframework.beans.BeanInstantiationException: Failed to instantiate [org.springframework.data.mongodb.MongoDatabaseFactory]: Factory method 'authenticationMongoFactory' threw exception; nested exception is com.mongodb.MongoConfigurationException: Failed looking up TXT record for host cluster0.10rl37h.mongodb.net
Caused by: org.springframework.beans.factory.BeanCreationException: Error creating bean with name 'authenticationMongoTemplate' defined in class path resource [edunhnil/project/forum/api/config/MongoDBConfiguration.class]: Bean instantiation via factory method failed; nested exception is org.springframework.beans.BeanInstantiationException: Failed to instantiate [org.springframework.data.mongodb.core.MongoTemplate]: Factory method 'getAuthenticationMongoTemplate' threw exception; nested exception is org.springframework.beans.factory.BeanCreationException: Error creating bean with name 'authenticationMongoFactory' defined in class path resource [edunhnil/project/forum/api/config/MongoDBConfiguration.class]: Bean instantiation via factory method failed; nested exception is org.springframework.beans.BeanInstantiationException: Failed to instantiate [org.springframework.data.mongodb.MongoDatabaseFactory]: Factory method 'authenticationMongoFactory' threw exception; nested exception is com.mongodb.MongoConfigurationException: Failed looking up TXT record for host cluster0.10rl37h.mongodb.net
Caused by: org.springframework.beans.BeanInstantiationException: Failed to instantiate [org.springframework.data.mongodb.core.MongoTemplate]: Factory method 'getAuthenticationMongoTemplate' threw exception; nested exception is org.springframework.beans.factory.BeanCreationException: Error creating bean with name 'authenticationMongoFactory' defined in class path resource [edunhnil/project/forum/api/config/MongoDBConfiguration.class]: Bean instantiation via factory method failed; nested exception is org.springframework.beans.BeanInstantiationException: Failed to instantiate [org.springframework.data.mongodb.MongoDatabaseFactory]: Factory method 'authenticationMongoFactory' threw exception; nested exception is com.mongodb.MongoConfigurationException: Failed looking up TXT record for host cluster0.10rl37h.mongodb.net
Caused by: org.springframework.beans.factory.BeanCreationException: Error creating bean with name 'authenticationMongoFactory' defined in class path resource [edunhnil/project/forum/api/config/MongoDBConfiguration.class]: Bean instantiation via factory method failed; nested exception is org.springframework.beans.BeanInstantiationException: Failed to instantiate [org.springframework.data.mongodb.MongoDatabaseFactory]: Factory method 'authenticationMongoFactory' threw exception; nested exception is com.mongodb.MongoConfigurationException: Failed looking up TXT record for host cluster0.10rl37h.mongodb.net
Caused by: org.springframework.beans.BeanInstantiationException: Failed to instantiate [org.springframework.data.mongodb.MongoDatabaseFactory]: Factory method 'authenticationMongoFactory' threw exception; nested exception is com.mongodb.MongoConfigurationException: Failed looking up TXT record for host cluster0.10rl37h.mongodb.net
Caused by: com.mongodb.MongoConfigurationException: Failed looking up TXT record for host cluster0.10rl37h.mongodb.net
Caused by: com.mongodb.spi.dns.DnsException: DNS server failure [response code 2]
Caused by: javax.naming.ServiceUnavailableException: DNS server failure [response code 2]

